{"message": "Open summarys api", "taskName": null, "timestamp": "2024-01-25T08:26:46.272834Z", "level": "INFO"}
{"message": "Open periodics api", "taskName": null, "timestamp": "2024-01-25T08:26:46.273834Z", "level": "INFO"}
{"message": "Open lists api", "taskName": null, "timestamp": "2024-01-25T08:26:46.273834Z", "level": "INFO"}
{"message": "Open ideas api", "taskName": null, "timestamp": "2024-01-25T08:26:46.274338Z", "level": "INFO"}
{"message": "Open works api", "taskName": null, "timestamp": "2024-01-25T08:26:46.274338Z", "level": "INFO"}
{"message": "Open summarys api", "taskName": null, "timestamp": "2024-01-25T08:30:03.781540Z", "level": "INFO"}
{"message": "Open periodics api", "taskName": null, "timestamp": "2024-01-25T08:30:03.782541Z", "level": "INFO"}
{"message": "Open lists api", "taskName": null, "timestamp": "2024-01-25T08:30:03.782541Z", "level": "INFO"}
{"message": "Open ideas api", "taskName": null, "timestamp": "2024-01-25T08:30:03.782541Z", "level": "INFO"}
{"message": "Open works api", "taskName": null, "timestamp": "2024-01-25T08:30:03.782541Z", "level": "INFO"}
{"message": "Open summarys api", "taskName": null, "timestamp": "2024-01-25T08:32:05.053134Z", "level": "INFO"}
{"message": "Open periodics api", "taskName": null, "timestamp": "2024-01-25T08:32:05.054639Z", "level": "INFO"}
{"message": "Open lists api", "taskName": null, "timestamp": "2024-01-25T08:32:05.054639Z", "level": "INFO"}
{"message": "Open ideas api", "taskName": null, "timestamp": "2024-01-25T08:32:05.054639Z", "level": "INFO"}
{"message": "Open works api", "taskName": null, "timestamp": "2024-01-25T08:32:05.054639Z", "level": "INFO"}
{"message": "Open summarys api", "taskName": null, "timestamp": "2024-01-25T08:56:10.898234Z", "level": "INFO"}
{"message": "Open periodics api", "taskName": null, "timestamp": "2024-01-25T08:56:10.899234Z", "level": "INFO"}
{"message": "Open lists api", "taskName": null, "timestamp": "2024-01-25T08:56:10.899234Z", "level": "INFO"}
{"message": "Open ideas api", "taskName": null, "timestamp": "2024-01-25T08:56:10.899234Z", "level": "INFO"}
{"message": "Open works api", "taskName": null, "timestamp": "2024-01-25T08:56:10.899234Z", "level": "INFO"}
{"message": "Open summarys api", "taskName": null, "timestamp": "2024-01-25T08:59:11.978392Z", "level": "INFO"}
{"message": "Open periodics api", "taskName": null, "timestamp": "2024-01-25T08:59:11.979392Z", "level": "INFO"}
{"message": "Open lists api", "taskName": null, "timestamp": "2024-01-25T08:59:11.979392Z", "level": "INFO"}
{"message": "Open ideas api", "taskName": null, "timestamp": "2024-01-25T08:59:11.979392Z", "level": "INFO"}
{"message": "Open works api", "taskName": null, "timestamp": "2024-01-25T08:59:11.979392Z", "level": "INFO"}
{"message": "Open summarys api", "taskName": null, "timestamp": "2024-01-25T08:59:18.903567Z", "level": "INFO"}
{"message": "Open periodics api", "taskName": null, "timestamp": "2024-01-25T08:59:18.906580Z", "level": "INFO"}
{"message": "Open lists api", "taskName": null, "timestamp": "2024-01-25T08:59:18.906580Z", "level": "INFO"}
{"message": "Open ideas api", "taskName": null, "timestamp": "2024-01-25T08:59:18.906580Z", "level": "INFO"}
{"message": "Open works api", "taskName": null, "timestamp": "2024-01-25T08:59:18.906580Z", "level": "INFO"}
{"message": "Open summarys api", "taskName": null, "timestamp": "2024-01-25T09:05:21.230703Z", "level": "INFO"}
{"message": "Open periodics api", "taskName": null, "timestamp": "2024-01-25T09:05:21.231699Z", "level": "INFO"}
{"message": "Open lists api", "taskName": null, "timestamp": "2024-01-25T09:05:21.231699Z", "level": "INFO"}
{"message": "Open ideas api", "taskName": null, "timestamp": "2024-01-25T09:05:21.231699Z", "level": "INFO"}
{"message": "Open works api", "taskName": null, "timestamp": "2024-01-25T09:05:21.231699Z", "level": "INFO"}
{"message": "Open summarys api", "taskName": null, "timestamp": "2024-01-25T09:39:09.484166Z", "level": "INFO"}
{"message": "Open periodics api", "taskName": null, "timestamp": "2024-01-25T09:39:09.484166Z", "level": "INFO"}
{"message": "Open lists api", "taskName": null, "timestamp": "2024-01-25T09:39:09.484166Z", "level": "INFO"}
{"message": "Open ideas api", "taskName": null, "timestamp": "2024-01-25T09:39:09.484166Z", "level": "INFO"}
{"message": "Open works api", "taskName": null, "timestamp": "2024-01-25T09:39:09.485167Z", "level": "INFO"}
{"message": "Open summarys api", "taskName": null, "timestamp": "2024-01-25T09:41:12.739310Z", "level": "INFO"}
{"message": "Open periodics api", "taskName": null, "timestamp": "2024-01-25T09:41:12.739310Z", "level": "INFO"}
{"message": "Open lists api", "taskName": null, "timestamp": "2024-01-25T09:41:12.739815Z", "level": "INFO"}
{"message": "Open ideas api", "taskName": null, "timestamp": "2024-01-25T09:41:12.739815Z", "level": "INFO"}
{"message": "Open works api", "taskName": null, "timestamp": "2024-01-25T09:41:12.739815Z", "level": "INFO"}
{"message": "Open summarys api", "taskName": null, "timestamp": "2024-01-25T10:23:41.998359Z", "level": "INFO"}
{"message": "Open periodics api", "taskName": null, "timestamp": "2024-01-25T10:23:41.998359Z", "level": "INFO"}
{"message": "Open lists api", "taskName": null, "timestamp": "2024-01-25T10:23:41.998359Z", "level": "INFO"}
{"message": "Open ideas api", "taskName": null, "timestamp": "2024-01-25T10:23:41.998359Z", "level": "INFO"}
{"message": "Open works api", "taskName": null, "timestamp": "2024-01-25T10:23:41.999360Z", "level": "INFO"}
{"message": "Open summarys api", "taskName": null, "timestamp": "2024-01-25T10:25:00.562300Z", "level": "INFO"}
{"message": "Open periodics api", "taskName": null, "timestamp": "2024-01-25T10:25:00.562300Z", "level": "INFO"}
{"message": "Open lists api", "taskName": null, "timestamp": "2024-01-25T10:25:00.562300Z", "level": "INFO"}
{"message": "Open ideas api", "taskName": null, "timestamp": "2024-01-25T10:25:00.562300Z", "level": "INFO"}
{"message": "Open works api", "taskName": null, "timestamp": "2024-01-25T10:25:00.562300Z", "level": "INFO"}
{"message": "Open summarys api", "taskName": null, "timestamp": "2024-01-25T10:26:44.201008Z", "level": "INFO"}
{"message": "Open periodics api", "taskName": null, "timestamp": "2024-01-25T10:26:44.201008Z", "level": "INFO"}
{"message": "Open lists api", "taskName": null, "timestamp": "2024-01-25T10:26:44.201008Z", "level": "INFO"}
{"message": "Open ideas api", "taskName": null, "timestamp": "2024-01-25T10:26:44.202009Z", "level": "INFO"}
{"message": "Open works api", "taskName": null, "timestamp": "2024-01-25T10:26:44.202009Z", "level": "INFO"}
{"message": "Open summarys api", "taskName": null, "timestamp": "2024-01-25T10:28:48.361481Z", "level": "INFO"}
{"message": "Open periodics api", "taskName": null, "timestamp": "2024-01-25T10:28:48.362482Z", "level": "INFO"}
{"message": "Open lists api", "taskName": null, "timestamp": "2024-01-25T10:28:48.362482Z", "level": "INFO"}
{"message": "Open ideas api", "taskName": null, "timestamp": "2024-01-25T10:28:48.362482Z", "level": "INFO"}
{"message": "Open works api", "taskName": null, "timestamp": "2024-01-25T10:28:48.362482Z", "level": "INFO"}
{"message": "Open summarys api", "taskName": null, "timestamp": "2024-01-25T10:29:21.370343Z", "level": "INFO"}
{"message": "Open periodics api", "taskName": null, "timestamp": "2024-01-25T10:29:21.371344Z", "level": "INFO"}
{"message": "Open lists api", "taskName": null, "timestamp": "2024-01-25T10:29:21.371344Z", "level": "INFO"}
{"message": "Open ideas api", "taskName": null, "timestamp": "2024-01-25T10:29:21.371344Z", "level": "INFO"}
{"message": "Open works api", "taskName": null, "timestamp": "2024-01-25T10:29:21.371344Z", "level": "INFO"}
{"message": "Open summarys api", "taskName": null, "timestamp": "2024-01-25T10:29:42.925698Z", "level": "INFO"}
{"message": "Open periodics api", "taskName": null, "timestamp": "2024-01-25T10:29:42.925698Z", "level": "INFO"}
{"message": "Open lists api", "taskName": null, "timestamp": "2024-01-25T10:29:42.925698Z", "level": "INFO"}
{"message": "Open ideas api", "taskName": null, "timestamp": "2024-01-25T10:29:42.926703Z", "level": "INFO"}
{"message": "Open works api", "taskName": null, "timestamp": "2024-01-25T10:29:42.926703Z", "level": "INFO"}
