2024-01-27 09:07:41,690 - DEBUG - utils - utils.py - (0.016) 
            SELECT
                c.relname,
                CASE
                    WHEN c.relispartition THEN 'p'
                    WHEN c.relkind IN ('m', 'v') THEN 'v'
                    ELSE 't'
                END,
                obj_description(c.oid, 'pg_class')
            FROM pg_catalog.pg_class c
            LEFT JOIN pg_catalog.pg_namespace n ON n.oid = c.relnamespace
            WHERE c.relkind IN ('f', 'm', 'p', 'r', 'v')
                AND n.nspname NOT IN ('pg_catalog', 'pg_toast')
                AND pg_catalog.pg_table_is_visible(c.oid)
        ; args=None; alias=default
2024-01-27 09:07:41,693 - DEBUG - utils - utils.py - (0.000) SELECT "django_migrations"."id", "django_migrations"."app", "django_migrations"."name", "django_migrations"."applied" FROM "django_migrations"; args=(); alias=default
2024-01-27 09:07:50,134 - DEBUG - utils - utils.py - (0.000) SELECT COUNT(*) AS "__count" FROM "blocks_idea"; args=(); alias=default
2024-01-27 09:07:50,135 - DEBUG - utils - utils.py - (0.000) SELECT "blocks_idea"."id", "blocks_idea"."time_create", "blocks_idea"."status", "blocks_idea"."content" FROM "blocks_idea" ORDER BY "blocks_idea"."id" ASC; args=(); alias=default
2024-01-27 09:07:52,434 - DEBUG - utils - utils.py - (0.000) SELECT COUNT(*) AS "__count" FROM "blocks_idea"; args=(); alias=default
2024-01-27 09:07:52,435 - DEBUG - utils - utils.py - (0.000) SELECT "blocks_idea"."id", "blocks_idea"."time_create", "blocks_idea"."status", "blocks_idea"."content" FROM "blocks_idea" ORDER BY "blocks_idea"."id" ASC; args=(); alias=default
2024-01-27 09:07:57,832 - DEBUG - utils - utils.py - (0.015) 
            SELECT
                c.relname,
                CASE
                    WHEN c.relispartition THEN 'p'
                    WHEN c.relkind IN ('m', 'v') THEN 'v'
                    ELSE 't'
                END,
                obj_description(c.oid, 'pg_class')
            FROM pg_catalog.pg_class c
            LEFT JOIN pg_catalog.pg_namespace n ON n.oid = c.relnamespace
            WHERE c.relkind IN ('f', 'm', 'p', 'r', 'v')
                AND n.nspname NOT IN ('pg_catalog', 'pg_toast')
                AND pg_catalog.pg_table_is_visible(c.oid)
        ; args=None; alias=default
2024-01-27 09:07:57,835 - DEBUG - utils - utils.py - (0.000) SELECT "django_migrations"."id", "django_migrations"."app", "django_migrations"."name", "django_migrations"."applied" FROM "django_migrations"; args=(); alias=default
2024-01-27 09:08:21,182 - DEBUG - utils - utils.py - (0.000) SELECT "blocks_periodic"."id", "blocks_periodic"."time_create", "blocks_periodic"."content", "blocks_periodic"."status", "blocks_periodic"."repetition_period", "blocks_periodic"."next_execution_time" FROM "blocks_periodic"; args=(); alias=default
2024-01-27 09:08:22,222 - DEBUG - utils - utils.py - (0.000) SELECT COUNT(*) AS "__count" FROM "blocks_summary"; args=(); alias=default
2024-01-27 09:08:25,791 - DEBUG - utils - utils.py - (0.000) SELECT COUNT(*) AS "__count" FROM "blocks_notes"; args=(); alias=default
2024-01-27 09:08:25,792 - DEBUG - utils - utils.py - (0.000) SELECT "blocks_notes"."id", "blocks_notes"."time_create", "blocks_notes"."title", "blocks_notes"."content", "blocks_notes"."status" FROM "blocks_notes" ORDER BY "blocks_notes"."id" DESC; args=(); alias=default
2024-01-27 09:08:26,413 - DEBUG - utils - utils.py - (0.000) SELECT COUNT(*) AS "__count" FROM "blocks_idea"; args=(); alias=default
2024-01-27 09:08:26,413 - DEBUG - utils - utils.py - (0.000) SELECT "blocks_idea"."id", "blocks_idea"."time_create", "blocks_idea"."status", "blocks_idea"."content" FROM "blocks_idea" ORDER BY "blocks_idea"."id" ASC; args=(); alias=default
2024-01-27 09:08:30,341 - DEBUG - utils - utils.py - (0.000) SELECT COUNT(*) AS "__count" FROM "blocks_idea"; args=(); alias=default
2024-01-27 09:08:30,341 - DEBUG - utils - utils.py - (0.000) SELECT "blocks_idea"."id", "blocks_idea"."time_create", "blocks_idea"."status", "blocks_idea"."content" FROM "blocks_idea" ORDER BY "blocks_idea"."id" ASC; args=(); alias=default
2024-01-27 09:08:31,475 - DEBUG - utils - utils.py - (0.000) DECLARE "_django_curs_2024_sync_1" NO SCROLL CURSOR WITH HOLD FOR SELECT "blocks_category"."id", "blocks_category"."name" FROM "blocks_category"; args=(); alias=default
2024-01-27 09:08:31,477 - DEBUG - utils - utils.py - (0.000) SELECT COUNT(*) AS "__count" FROM "blocks_list" WHERE "blocks_list"."status"; args=(); alias=default
2024-01-27 09:08:31,478 - DEBUG - utils - utils.py - (0.000) SELECT "blocks_list"."id", "blocks_list"."time_create", "blocks_list"."title", "blocks_list"."content", "blocks_list"."status", "blocks_list"."group_id" FROM "blocks_list" WHERE "blocks_list"."status" ORDER BY "blocks_list"."group_id" ASC; args=(); alias=default
2024-01-27 09:08:32,733 - DEBUG - utils - utils.py - (0.000) SELECT COUNT(*) AS "__count" FROM "blocks_idea"; args=(); alias=default
2024-01-27 09:08:32,734 - DEBUG - utils - utils.py - (0.000) SELECT "blocks_idea"."id", "blocks_idea"."time_create", "blocks_idea"."status", "blocks_idea"."content" FROM "blocks_idea" ORDER BY "blocks_idea"."id" ASC; args=(); alias=default
2024-01-27 09:09:17,135 - DEBUG - utils - utils.py - (0.000) SELECT "django_session"."session_key", "django_session"."session_data", "django_session"."expire_date" FROM "django_session" WHERE ("django_session"."expire_date" > '2024-01-27T03:09:17.102554+00:00'::timestamptz AND "django_session"."session_key" = '3v3mwjuwmu2sl42d1jwthxo7p0o3aqdg') LIMIT 21; args=(datetime.datetime(2024, 1, 27, 3, 9, 17, 102554, tzinfo=datetime.timezone.utc), '3v3mwjuwmu2sl42d1jwthxo7p0o3aqdg'); alias=default
2024-01-27 09:09:17,138 - DEBUG - utils - utils.py - (0.000) SELECT "auth_user"."id", "auth_user"."password", "auth_user"."last_login", "auth_user"."is_superuser", "auth_user"."username", "auth_user"."first_name", "auth_user"."last_name", "auth_user"."email", "auth_user"."is_staff", "auth_user"."is_active", "auth_user"."date_joined" FROM "auth_user" WHERE "auth_user"."id" = 1 LIMIT 21; args=(1,); alias=default
2024-01-27 09:09:17,185 - DEBUG - utils - utils.py - (0.000) SELECT "django_admin_log"."id", "django_admin_log"."action_time", "django_admin_log"."user_id", "django_admin_log"."content_type_id", "django_admin_log"."object_id", "django_admin_log"."object_repr", "django_admin_log"."action_flag", "django_admin_log"."change_message", "auth_user"."id", "auth_user"."password", "auth_user"."last_login", "auth_user"."is_superuser", "auth_user"."username", "auth_user"."first_name", "auth_user"."last_name", "auth_user"."email", "auth_user"."is_staff", "auth_user"."is_active", "auth_user"."date_joined", "django_content_type"."id", "django_content_type"."app_label", "django_content_type"."model" FROM "django_admin_log" INNER JOIN "auth_user" ON ("django_admin_log"."user_id" = "auth_user"."id") LEFT OUTER JOIN "django_content_type" ON ("django_admin_log"."content_type_id" = "django_content_type"."id") WHERE "django_admin_log"."user_id" = 1 ORDER BY "django_admin_log"."action_time" DESC LIMIT 10; args=(1,); alias=default
2024-01-27 09:09:17,480 - DEBUG - utils - utils.py - (0.000) SELECT "django_session"."session_key", "django_session"."session_data", "django_session"."expire_date" FROM "django_session" WHERE ("django_session"."expire_date" > '2024-01-27T03:09:17.439005+00:00'::timestamptz AND "django_session"."session_key" = '3v3mwjuwmu2sl42d1jwthxo7p0o3aqdg') LIMIT 21; args=(datetime.datetime(2024, 1, 27, 3, 9, 17, 439005, tzinfo=datetime.timezone.utc), '3v3mwjuwmu2sl42d1jwthxo7p0o3aqdg'); alias=default
2024-01-27 09:09:17,482 - DEBUG - utils - utils.py - (0.000) SELECT "auth_user"."id", "auth_user"."password", "auth_user"."last_login", "auth_user"."is_superuser", "auth_user"."username", "auth_user"."first_name", "auth_user"."last_name", "auth_user"."email", "auth_user"."is_staff", "auth_user"."is_active", "auth_user"."date_joined" FROM "auth_user" WHERE "auth_user"."id" = 1 LIMIT 21; args=(1,); alias=default
2024-01-27 09:09:17,489 - DEBUG - utils - utils.py - (0.000) SELECT "django_admin_log"."id", "django_admin_log"."action_time", "django_admin_log"."user_id", "django_admin_log"."content_type_id", "django_admin_log"."object_id", "django_admin_log"."object_repr", "django_admin_log"."action_flag", "django_admin_log"."change_message", "auth_user"."id", "auth_user"."password", "auth_user"."last_login", "auth_user"."is_superuser", "auth_user"."username", "auth_user"."first_name", "auth_user"."last_name", "auth_user"."email", "auth_user"."is_staff", "auth_user"."is_active", "auth_user"."date_joined", "django_content_type"."id", "django_content_type"."app_label", "django_content_type"."model" FROM "django_admin_log" INNER JOIN "auth_user" ON ("django_admin_log"."user_id" = "auth_user"."id") LEFT OUTER JOIN "django_content_type" ON ("django_admin_log"."content_type_id" = "django_content_type"."id") WHERE "django_admin_log"."user_id" = 1 ORDER BY "django_admin_log"."action_time" DESC LIMIT 10; args=(1,); alias=default
2024-01-27 09:09:19,859 - DEBUG - utils - utils.py - (0.000) SELECT "django_session"."session_key", "django_session"."session_data", "django_session"."expire_date" FROM "django_session" WHERE ("django_session"."expire_date" > '2024-01-27T03:09:19.825950+00:00'::timestamptz AND "django_session"."session_key" = '3v3mwjuwmu2sl42d1jwthxo7p0o3aqdg') LIMIT 21; args=(datetime.datetime(2024, 1, 27, 3, 9, 19, 825950, tzinfo=datetime.timezone.utc), '3v3mwjuwmu2sl42d1jwthxo7p0o3aqdg'); alias=default
2024-01-27 09:09:19,860 - DEBUG - utils - utils.py - (0.000) SELECT "auth_user"."id", "auth_user"."password", "auth_user"."last_login", "auth_user"."is_superuser", "auth_user"."username", "auth_user"."first_name", "auth_user"."last_name", "auth_user"."email", "auth_user"."is_staff", "auth_user"."is_active", "auth_user"."date_joined" FROM "auth_user" WHERE "auth_user"."id" = 1 LIMIT 21; args=(1,); alias=default
2024-01-27 09:09:19,865 - DEBUG - utils - utils.py - (0.015) SELECT COUNT(*) AS "__count" FROM "authtoken_token"; args=(); alias=default
2024-01-27 09:09:19,866 - DEBUG - utils - utils.py - (0.000) SELECT COUNT(*) AS "__count" FROM "authtoken_token"; args=(); alias=default
2024-01-27 09:09:19,868 - DEBUG - utils - utils.py - (0.000) SELECT "authtoken_token"."key", "authtoken_token"."user_id", "authtoken_token"."created", "auth_user"."id", "auth_user"."password", "auth_user"."last_login", "auth_user"."is_superuser", "auth_user"."username", "auth_user"."first_name", "auth_user"."last_name", "auth_user"."email", "auth_user"."is_staff", "auth_user"."is_active", "auth_user"."date_joined" FROM "authtoken_token" INNER JOIN "auth_user" ON ("authtoken_token"."user_id" = "auth_user"."id") ORDER BY "authtoken_token"."created" DESC, "authtoken_token"."key" DESC; args=(); alias=default
2024-01-27 09:09:21,542 - DEBUG - utils - utils.py - (0.000) SELECT "django_session"."session_key", "django_session"."session_data", "django_session"."expire_date" FROM "django_session" WHERE ("django_session"."expire_date" > '2024-01-27T03:09:21.508902+00:00'::timestamptz AND "django_session"."session_key" = '3v3mwjuwmu2sl42d1jwthxo7p0o3aqdg') LIMIT 21; args=(datetime.datetime(2024, 1, 27, 3, 9, 21, 508902, tzinfo=datetime.timezone.utc), '3v3mwjuwmu2sl42d1jwthxo7p0o3aqdg'); alias=default
2024-01-27 09:09:21,543 - DEBUG - utils - utils.py - (0.000) SELECT "auth_user"."id", "auth_user"."password", "auth_user"."last_login", "auth_user"."is_superuser", "auth_user"."username", "auth_user"."first_name", "auth_user"."last_name", "auth_user"."email", "auth_user"."is_staff", "auth_user"."is_active", "auth_user"."date_joined" FROM "auth_user" WHERE "auth_user"."id" = 1 LIMIT 21; args=(1,); alias=default
2024-01-27 09:09:21,544 - DEBUG - utils - utils.py - (0.000) SELECT COUNT(*) AS "__count" FROM "blocks_idea"; args=(); alias=default
2024-01-27 09:09:21,545 - DEBUG - utils - utils.py - (0.000) SELECT COUNT(*) AS "__count" FROM "blocks_idea"; args=(); alias=default
2024-01-27 09:09:21,546 - DEBUG - utils - utils.py - (0.000) SELECT "blocks_idea"."id", "blocks_idea"."time_create", "blocks_idea"."status", "blocks_idea"."content" FROM "blocks_idea" ORDER BY "blocks_idea"."id" DESC; args=(); alias=default
2024-01-27 09:09:21,758 - DEBUG - utils - utils.py - (0.000) SELECT "django_session"."session_key", "django_session"."session_data", "django_session"."expire_date" FROM "django_session" WHERE ("django_session"."expire_date" > '2024-01-27T03:09:21.594543+00:00'::timestamptz AND "django_session"."session_key" = '3v3mwjuwmu2sl42d1jwthxo7p0o3aqdg') LIMIT 21; args=(datetime.datetime(2024, 1, 27, 3, 9, 21, 594543, tzinfo=datetime.timezone.utc), '3v3mwjuwmu2sl42d1jwthxo7p0o3aqdg'); alias=default
2024-01-27 09:09:21,760 - DEBUG - utils - utils.py - (0.000) SELECT "auth_user"."id", "auth_user"."password", "auth_user"."last_login", "auth_user"."is_superuser", "auth_user"."username", "auth_user"."first_name", "auth_user"."last_name", "auth_user"."email", "auth_user"."is_staff", "auth_user"."is_active", "auth_user"."date_joined" FROM "auth_user" WHERE "auth_user"."id" = 1 LIMIT 21; args=(1,); alias=default
2024-01-27 09:09:23,449 - DEBUG - utils - utils.py - (0.000) SELECT "django_session"."session_key", "django_session"."session_data", "django_session"."expire_date" FROM "django_session" WHERE ("django_session"."expire_date" > '2024-01-27T03:09:23.417439+00:00'::timestamptz AND "django_session"."session_key" = '3v3mwjuwmu2sl42d1jwthxo7p0o3aqdg') LIMIT 21; args=(datetime.datetime(2024, 1, 27, 3, 9, 23, 417439, tzinfo=datetime.timezone.utc), '3v3mwjuwmu2sl42d1jwthxo7p0o3aqdg'); alias=default
2024-01-27 09:09:23,450 - DEBUG - utils - utils.py - (0.000) SELECT "auth_user"."id", "auth_user"."password", "auth_user"."last_login", "auth_user"."is_superuser", "auth_user"."username", "auth_user"."first_name", "auth_user"."last_name", "auth_user"."email", "auth_user"."is_staff", "auth_user"."is_active", "auth_user"."date_joined" FROM "auth_user" WHERE "auth_user"."id" = 1 LIMIT 21; args=(1,); alias=default
2024-01-27 09:09:23,450 - DEBUG - utils - utils.py - (0.000) BEGIN; args=None; alias=default
2024-01-27 09:09:23,452 - DEBUG - utils - utils.py - (0.000) SELECT "blocks_idea"."id", "blocks_idea"."time_create", "blocks_idea"."status", "blocks_idea"."content" FROM "blocks_idea" WHERE "blocks_idea"."id" = 13 LIMIT 21; args=(13,); alias=default
2024-01-27 09:09:23,454 - DEBUG - utils - utils.py - (0.000) SELECT "django_content_type"."id", "django_content_type"."app_label", "django_content_type"."model" FROM "django_content_type" WHERE ("django_content_type"."app_label" = 'blocks' AND "django_content_type"."model" = 'idea') LIMIT 21; args=('blocks', 'idea'); alias=default
2024-01-27 09:09:23,454 - DEBUG - utils - utils.py - (0.000) COMMIT; args=None; alias=default
2024-01-27 09:09:23,557 - DEBUG - utils - utils.py - (0.000) SELECT "django_session"."session_key", "django_session"."session_data", "django_session"."expire_date" FROM "django_session" WHERE ("django_session"."expire_date" > '2024-01-27T03:09:23.512629+00:00'::timestamptz AND "django_session"."session_key" = '3v3mwjuwmu2sl42d1jwthxo7p0o3aqdg') LIMIT 21; args=(datetime.datetime(2024, 1, 27, 3, 9, 23, 512629, tzinfo=datetime.timezone.utc), '3v3mwjuwmu2sl42d1jwthxo7p0o3aqdg'); alias=default
2024-01-27 09:09:23,559 - DEBUG - utils - utils.py - (0.000) SELECT "auth_user"."id", "auth_user"."password", "auth_user"."last_login", "auth_user"."is_superuser", "auth_user"."username", "auth_user"."first_name", "auth_user"."last_name", "auth_user"."email", "auth_user"."is_staff", "auth_user"."is_active", "auth_user"."date_joined" FROM "auth_user" WHERE "auth_user"."id" = 1 LIMIT 21; args=(1,); alias=default
2024-01-27 09:10:15,230 - DEBUG - utils - utils.py - (0.000) SELECT COUNT(*) AS "__count" FROM "blocks_idea"; args=(); alias=default
2024-01-27 09:10:15,231 - DEBUG - utils - utils.py - (0.000) SELECT "blocks_idea"."id", "blocks_idea"."time_create", "blocks_idea"."status", "blocks_idea"."content" FROM "blocks_idea" ORDER BY "blocks_idea"."id" ASC; args=(); alias=default
2024-01-27 09:10:32,680 - DEBUG - utils - utils.py - (0.000) SELECT COUNT(*) AS "__count" FROM "blocks_idea"; args=(); alias=default
2024-01-27 09:10:32,681 - DEBUG - utils - utils.py - (0.000) SELECT "blocks_idea"."id", "blocks_idea"."time_create", "blocks_idea"."status", "blocks_idea"."content" FROM "blocks_idea" ORDER BY "blocks_idea"."id" ASC; args=(); alias=default
2024-01-27 09:10:40,483 - DEBUG - utils - utils.py - (0.000) SELECT COUNT(*) AS "__count" FROM "blocks_idea"; args=(); alias=default
2024-01-27 09:10:40,483 - DEBUG - utils - utils.py - (0.000) SELECT "blocks_idea"."id", "blocks_idea"."time_create", "blocks_idea"."status", "blocks_idea"."content" FROM "blocks_idea" ORDER BY "blocks_idea"."id" ASC; args=(); alias=default
2024-01-27 09:16:26,147 - DEBUG - utils - utils.py - (0.000) 
            SELECT
                c.relname,
                CASE
                    WHEN c.relispartition THEN 'p'
                    WHEN c.relkind IN ('m', 'v') THEN 'v'
                    ELSE 't'
                END,
                obj_description(c.oid, 'pg_class')
            FROM pg_catalog.pg_class c
            LEFT JOIN pg_catalog.pg_namespace n ON n.oid = c.relnamespace
            WHERE c.relkind IN ('f', 'm', 'p', 'r', 'v')
                AND n.nspname NOT IN ('pg_catalog', 'pg_toast')
                AND pg_catalog.pg_table_is_visible(c.oid)
        ; args=None; alias=default
2024-01-27 09:16:26,150 - DEBUG - utils - utils.py - (0.000) SELECT "django_migrations"."id", "django_migrations"."app", "django_migrations"."name", "django_migrations"."applied" FROM "django_migrations"; args=(); alias=default
2024-01-27 09:16:30,771 - DEBUG - utils - utils.py - (0.000) SELECT COUNT(*) AS "__count" FROM "blocks_summary"; args=(); alias=default
2024-01-27 09:16:31,324 - DEBUG - utils - utils.py - (0.000) SELECT "blocks_periodic"."id", "blocks_periodic"."time_create", "blocks_periodic"."content", "blocks_periodic"."status", "blocks_periodic"."repetition_period", "blocks_periodic"."next_execution_time" FROM "blocks_periodic"; args=(); alias=default
2024-01-27 09:16:31,691 - DEBUG - utils - utils.py - (0.000) SELECT COUNT(*) AS "__count" FROM "blocks_idea"; args=(); alias=default
2024-01-27 09:16:31,692 - DEBUG - utils - utils.py - (0.000) SELECT "blocks_idea"."id", "blocks_idea"."time_create", "blocks_idea"."status", "blocks_idea"."content" FROM "blocks_idea" ORDER BY "blocks_idea"."id" ASC; args=(); alias=default
2024-01-27 09:16:32,246 - DEBUG - utils - utils.py - (0.000) SELECT COUNT(*) AS "__count" FROM "blocks_notes"; args=(); alias=default
2024-01-27 09:16:32,247 - DEBUG - utils - utils.py - (0.000) SELECT "blocks_notes"."id", "blocks_notes"."time_create", "blocks_notes"."title", "blocks_notes"."content", "blocks_notes"."status" FROM "blocks_notes" ORDER BY "blocks_notes"."id" DESC; args=(); alias=default
2024-01-27 09:16:32,732 - DEBUG - utils - utils.py - (0.000) DECLARE "_django_curs_19136_sync_1" NO SCROLL CURSOR WITH HOLD FOR SELECT "blocks_category"."id", "blocks_category"."name" FROM "blocks_category"; args=(); alias=default
2024-01-27 09:16:32,735 - DEBUG - utils - utils.py - (0.000) SELECT COUNT(*) AS "__count" FROM "blocks_list" WHERE "blocks_list"."status"; args=(); alias=default
2024-01-27 09:16:32,736 - DEBUG - utils - utils.py - (0.000) SELECT "blocks_list"."id", "blocks_list"."time_create", "blocks_list"."title", "blocks_list"."content", "blocks_list"."status", "blocks_list"."group_id" FROM "blocks_list" WHERE "blocks_list"."status" ORDER BY "blocks_list"."group_id" ASC; args=(); alias=default
2024-01-27 09:16:33,450 - DEBUG - utils - utils.py - (0.000) SELECT COUNT(*) AS "__count" FROM "blocks_idea"; args=(); alias=default
2024-01-27 09:16:33,451 - DEBUG - utils - utils.py - (0.000) SELECT "blocks_idea"."id", "blocks_idea"."time_create", "blocks_idea"."status", "blocks_idea"."content" FROM "blocks_idea" ORDER BY "blocks_idea"."id" ASC; args=(); alias=default
2024-01-27 09:20:22,692 - DEBUG - utils - utils.py - (0.016) 
            SELECT
                c.relname,
                CASE
                    WHEN c.relispartition THEN 'p'
                    WHEN c.relkind IN ('m', 'v') THEN 'v'
                    ELSE 't'
                END,
                obj_description(c.oid, 'pg_class')
            FROM pg_catalog.pg_class c
            LEFT JOIN pg_catalog.pg_namespace n ON n.oid = c.relnamespace
            WHERE c.relkind IN ('f', 'm', 'p', 'r', 'v')
                AND n.nspname NOT IN ('pg_catalog', 'pg_toast')
                AND pg_catalog.pg_table_is_visible(c.oid)
        ; args=None; alias=default
2024-01-27 09:20:22,695 - DEBUG - utils - utils.py - (0.000) SELECT "django_migrations"."id", "django_migrations"."app", "django_migrations"."name", "django_migrations"."applied" FROM "django_migrations"; args=(); alias=default
2024-01-27 09:20:31,503 - DEBUG - utils - utils.py - (0.016) SELECT "django_session"."session_key", "django_session"."session_data", "django_session"."expire_date" FROM "django_session" WHERE ("django_session"."expire_date" > '2024-01-27T03:20:31.470227+00:00'::timestamptz AND "django_session"."session_key" = '3v3mwjuwmu2sl42d1jwthxo7p0o3aqdg') LIMIT 21; args=(datetime.datetime(2024, 1, 27, 3, 20, 31, 470227, tzinfo=datetime.timezone.utc), '3v3mwjuwmu2sl42d1jwthxo7p0o3aqdg'); alias=default
2024-01-27 09:20:31,578 - DEBUG - utils - utils.py - (0.000) SELECT "auth_user"."id", "auth_user"."password", "auth_user"."last_login", "auth_user"."is_superuser", "auth_user"."username", "auth_user"."first_name", "auth_user"."last_name", "auth_user"."email", "auth_user"."is_staff", "auth_user"."is_active", "auth_user"."date_joined" FROM "auth_user" WHERE "auth_user"."id" = 1 LIMIT 21; args=(1,); alias=default
2024-01-27 09:20:31,593 - DEBUG - utils - utils.py - (0.000) SELECT COUNT(*) AS "__count" FROM "blocks_idea"; args=(); alias=default
2024-01-27 09:20:31,609 - DEBUG - utils - utils.py - (0.000) SELECT "blocks_idea"."id", "blocks_idea"."time_create", "blocks_idea"."status", "blocks_idea"."content" FROM "blocks_idea" ORDER BY "blocks_idea"."id" ASC; args=(); alias=default
2024-01-27 09:20:33,095 - DEBUG - utils - utils.py - (0.000) SELECT "django_session"."session_key", "django_session"."session_data", "django_session"."expire_date" FROM "django_session" WHERE ("django_session"."expire_date" > '2024-01-27T03:20:33.061866+00:00'::timestamptz AND "django_session"."session_key" = '3v3mwjuwmu2sl42d1jwthxo7p0o3aqdg') LIMIT 21; args=(datetime.datetime(2024, 1, 27, 3, 20, 33, 61866, tzinfo=datetime.timezone.utc), '3v3mwjuwmu2sl42d1jwthxo7p0o3aqdg'); alias=default
2024-01-27 09:20:33,097 - DEBUG - utils - utils.py - (0.000) SELECT "auth_user"."id", "auth_user"."password", "auth_user"."last_login", "auth_user"."is_superuser", "auth_user"."username", "auth_user"."first_name", "auth_user"."last_name", "auth_user"."email", "auth_user"."is_staff", "auth_user"."is_active", "auth_user"."date_joined" FROM "auth_user" WHERE "auth_user"."id" = 1 LIMIT 21; args=(1,); alias=default
2024-01-27 09:20:52,102 - DEBUG - utils - utils.py - (0.000) SELECT "django_session"."session_key", "django_session"."session_data", "django_session"."expire_date" FROM "django_session" WHERE ("django_session"."expire_date" > '2024-01-27T03:20:52.067566+00:00'::timestamptz AND "django_session"."session_key" = '3v3mwjuwmu2sl42d1jwthxo7p0o3aqdg') LIMIT 21; args=(datetime.datetime(2024, 1, 27, 3, 20, 52, 67566, tzinfo=datetime.timezone.utc), '3v3mwjuwmu2sl42d1jwthxo7p0o3aqdg'); alias=default
2024-01-27 09:20:52,105 - DEBUG - utils - utils.py - (0.000) SELECT "auth_user"."id", "auth_user"."password", "auth_user"."last_login", "auth_user"."is_superuser", "auth_user"."username", "auth_user"."first_name", "auth_user"."last_name", "auth_user"."email", "auth_user"."is_staff", "auth_user"."is_active", "auth_user"."date_joined" FROM "auth_user" WHERE "auth_user"."id" = 1 LIMIT 21; args=(1,); alias=default
2024-01-27 09:20:52,107 - DEBUG - utils - utils.py - (0.000) SELECT COUNT(*) AS "__count" FROM "blocks_idea"; args=(); alias=default
2024-01-27 09:20:52,108 - DEBUG - utils - utils.py - (0.000) SELECT "blocks_idea"."id", "blocks_idea"."time_create", "blocks_idea"."status", "blocks_idea"."content" FROM "blocks_idea" ORDER BY "blocks_idea"."id" ASC; args=(); alias=default
2024-01-27 09:21:17,332 - DEBUG - utils - utils.py - (0.015) SELECT "django_session"."session_key", "django_session"."session_data", "django_session"."expire_date" FROM "django_session" WHERE ("django_session"."expire_date" > '2024-01-27T03:21:17.295845+00:00'::timestamptz AND "django_session"."session_key" = '3v3mwjuwmu2sl42d1jwthxo7p0o3aqdg') LIMIT 21; args=(datetime.datetime(2024, 1, 27, 3, 21, 17, 295845, tzinfo=datetime.timezone.utc), '3v3mwjuwmu2sl42d1jwthxo7p0o3aqdg'); alias=default
2024-01-27 09:21:17,372 - DEBUG - utils - utils.py - (0.000) SELECT "auth_user"."id", "auth_user"."password", "auth_user"."last_login", "auth_user"."is_superuser", "auth_user"."username", "auth_user"."first_name", "auth_user"."last_name", "auth_user"."email", "auth_user"."is_staff", "auth_user"."is_active", "auth_user"."date_joined" FROM "auth_user" WHERE "auth_user"."id" = 1 LIMIT 21; args=(1,); alias=default
2024-01-27 09:21:17,373 - DEBUG - utils - utils.py - (0.000) SELECT "blocks_idea"."id", "blocks_idea"."time_create", "blocks_idea"."status", "blocks_idea"."content" FROM "blocks_idea"; args=(); alias=default
2024-01-27 09:21:25,082 - DEBUG - utils - utils.py - (0.000) SELECT "django_session"."session_key", "django_session"."session_data", "django_session"."expire_date" FROM "django_session" WHERE ("django_session"."expire_date" > '2024-01-27T03:21:25.047887+00:00'::timestamptz AND "django_session"."session_key" = '3v3mwjuwmu2sl42d1jwthxo7p0o3aqdg') LIMIT 21; args=(datetime.datetime(2024, 1, 27, 3, 21, 25, 47887, tzinfo=datetime.timezone.utc), '3v3mwjuwmu2sl42d1jwthxo7p0o3aqdg'); alias=default
2024-01-27 09:21:25,099 - DEBUG - utils - utils.py - (0.000) SELECT "auth_user"."id", "auth_user"."password", "auth_user"."last_login", "auth_user"."is_superuser", "auth_user"."username", "auth_user"."first_name", "auth_user"."last_name", "auth_user"."email", "auth_user"."is_staff", "auth_user"."is_active", "auth_user"."date_joined" FROM "auth_user" WHERE "auth_user"."id" = 1 LIMIT 21; args=(1,); alias=default
2024-01-27 09:21:25,134 - DEBUG - utils - utils.py - (0.000) SELECT "django_admin_log"."id", "django_admin_log"."action_time", "django_admin_log"."user_id", "django_admin_log"."content_type_id", "django_admin_log"."object_id", "django_admin_log"."object_repr", "django_admin_log"."action_flag", "django_admin_log"."change_message", "auth_user"."id", "auth_user"."password", "auth_user"."last_login", "auth_user"."is_superuser", "auth_user"."username", "auth_user"."first_name", "auth_user"."last_name", "auth_user"."email", "auth_user"."is_staff", "auth_user"."is_active", "auth_user"."date_joined", "django_content_type"."id", "django_content_type"."app_label", "django_content_type"."model" FROM "django_admin_log" INNER JOIN "auth_user" ON ("django_admin_log"."user_id" = "auth_user"."id") LEFT OUTER JOIN "django_content_type" ON ("django_admin_log"."content_type_id" = "django_content_type"."id") WHERE "django_admin_log"."user_id" = 1 ORDER BY "django_admin_log"."action_time" DESC LIMIT 10; args=(1,); alias=default
2024-01-27 09:21:31,877 - DEBUG - utils - utils.py - (0.016) SELECT "django_session"."session_key", "django_session"."session_data", "django_session"."expire_date" FROM "django_session" WHERE ("django_session"."expire_date" > '2024-01-27T03:21:31.838235+00:00'::timestamptz AND "django_session"."session_key" = '3v3mwjuwmu2sl42d1jwthxo7p0o3aqdg') LIMIT 21; args=(datetime.datetime(2024, 1, 27, 3, 21, 31, 838235, tzinfo=datetime.timezone.utc), '3v3mwjuwmu2sl42d1jwthxo7p0o3aqdg'); alias=default
2024-01-27 09:21:31,880 - DEBUG - utils - utils.py - (0.000) SELECT "auth_user"."id", "auth_user"."password", "auth_user"."last_login", "auth_user"."is_superuser", "auth_user"."username", "auth_user"."first_name", "auth_user"."last_name", "auth_user"."email", "auth_user"."is_staff", "auth_user"."is_active", "auth_user"."date_joined" FROM "auth_user" WHERE "auth_user"."id" = 1 LIMIT 21; args=(1,); alias=default
2024-01-27 09:21:31,884 - DEBUG - utils - utils.py - (0.000) SELECT COUNT(*) AS "__count" FROM "blocks_idea"; args=(); alias=default
2024-01-27 09:21:31,886 - DEBUG - utils - utils.py - (0.000) SELECT "blocks_idea"."id", "blocks_idea"."time_create", "blocks_idea"."status", "blocks_idea"."content" FROM "blocks_idea" ORDER BY "blocks_idea"."id" ASC; args=(); alias=default
2024-01-27 09:22:08,277 - DEBUG - utils - utils.py - (0.000) SELECT "django_session"."session_key", "django_session"."session_data", "django_session"."expire_date" FROM "django_session" WHERE ("django_session"."expire_date" > '2024-01-27T03:22:08.240242+00:00'::timestamptz AND "django_session"."session_key" = '3v3mwjuwmu2sl42d1jwthxo7p0o3aqdg') LIMIT 21; args=(datetime.datetime(2024, 1, 27, 3, 22, 8, 240242, tzinfo=datetime.timezone.utc), '3v3mwjuwmu2sl42d1jwthxo7p0o3aqdg'); alias=default
2024-01-27 09:22:08,279 - DEBUG - utils - utils.py - (0.000) SELECT "auth_user"."id", "auth_user"."password", "auth_user"."last_login", "auth_user"."is_superuser", "auth_user"."username", "auth_user"."first_name", "auth_user"."last_name", "auth_user"."email", "auth_user"."is_staff", "auth_user"."is_active", "auth_user"."date_joined" FROM "auth_user" WHERE "auth_user"."id" = 1 LIMIT 21; args=(1,); alias=default
2024-01-27 09:22:08,280 - DEBUG - utils - utils.py - (0.000) SELECT "blocks_idea"."id", "blocks_idea"."time_create", "blocks_idea"."status", "blocks_idea"."content" FROM "blocks_idea"; args=(); alias=default
2024-01-27 09:22:10,044 - DEBUG - utils - utils.py - (0.000) SELECT "django_session"."session_key", "django_session"."session_data", "django_session"."expire_date" FROM "django_session" WHERE ("django_session"."expire_date" > '2024-01-27T03:22:10.013737+00:00'::timestamptz AND "django_session"."session_key" = '3v3mwjuwmu2sl42d1jwthxo7p0o3aqdg') LIMIT 21; args=(datetime.datetime(2024, 1, 27, 3, 22, 10, 13737, tzinfo=datetime.timezone.utc), '3v3mwjuwmu2sl42d1jwthxo7p0o3aqdg'); alias=default
2024-01-27 09:22:10,081 - DEBUG - utils - utils.py - (0.015) SELECT "django_session"."session_key", "django_session"."session_data", "django_session"."expire_date" FROM "django_session" WHERE ("django_session"."expire_date" > '2024-01-27T03:22:10.051300+00:00'::timestamptz AND "django_session"."session_key" = '3v3mwjuwmu2sl42d1jwthxo7p0o3aqdg') LIMIT 21; args=(datetime.datetime(2024, 1, 27, 3, 22, 10, 51300, tzinfo=datetime.timezone.utc), '3v3mwjuwmu2sl42d1jwthxo7p0o3aqdg'); alias=default
2024-01-27 09:22:10,083 - DEBUG - utils - utils.py - (0.000) SELECT "auth_user"."id", "auth_user"."password", "auth_user"."last_login", "auth_user"."is_superuser", "auth_user"."username", "auth_user"."first_name", "auth_user"."last_name", "auth_user"."email", "auth_user"."is_staff", "auth_user"."is_active", "auth_user"."date_joined" FROM "auth_user" WHERE "auth_user"."id" = 1 LIMIT 21; args=(1,); alias=default
2024-01-27 09:22:10,085 - DEBUG - utils - utils.py - (0.000) SELECT "blocks_idea"."id", "blocks_idea"."time_create", "blocks_idea"."status", "blocks_idea"."content" FROM "blocks_idea" WHERE "blocks_idea"."id" = 2 LIMIT 21; args=(2,); alias=default
2024-01-27 09:22:30,897 - DEBUG - utils - utils.py - (0.000) SELECT "django_session"."session_key", "django_session"."session_data", "django_session"."expire_date" FROM "django_session" WHERE ("django_session"."expire_date" > '2024-01-27T03:22:30.865288+00:00'::timestamptz AND "django_session"."session_key" = '3v3mwjuwmu2sl42d1jwthxo7p0o3aqdg') LIMIT 21; args=(datetime.datetime(2024, 1, 27, 3, 22, 30, 865288, tzinfo=datetime.timezone.utc), '3v3mwjuwmu2sl42d1jwthxo7p0o3aqdg'); alias=default
2024-01-27 09:22:30,907 - DEBUG - utils - utils.py - (0.000) SELECT "auth_user"."id", "auth_user"."password", "auth_user"."last_login", "auth_user"."is_superuser", "auth_user"."username", "auth_user"."first_name", "auth_user"."last_name", "auth_user"."email", "auth_user"."is_staff", "auth_user"."is_active", "auth_user"."date_joined" FROM "auth_user" WHERE "auth_user"."id" = 1 LIMIT 21; args=(1,); alias=default
2024-01-27 09:22:34,175 - DEBUG - utils - utils.py - (0.016) SELECT "django_session"."session_key", "django_session"."session_data", "django_session"."expire_date" FROM "django_session" WHERE ("django_session"."expire_date" > '2024-01-27T03:22:34.142417+00:00'::timestamptz AND "django_session"."session_key" = '3v3mwjuwmu2sl42d1jwthxo7p0o3aqdg') LIMIT 21; args=(datetime.datetime(2024, 1, 27, 3, 22, 34, 142417, tzinfo=datetime.timezone.utc), '3v3mwjuwmu2sl42d1jwthxo7p0o3aqdg'); alias=default
2024-01-27 09:22:34,185 - DEBUG - utils - utils.py - (0.000) SELECT "auth_user"."id", "auth_user"."password", "auth_user"."last_login", "auth_user"."is_superuser", "auth_user"."username", "auth_user"."first_name", "auth_user"."last_name", "auth_user"."email", "auth_user"."is_staff", "auth_user"."is_active", "auth_user"."date_joined" FROM "auth_user" WHERE "auth_user"."id" = 1 LIMIT 21; args=(1,); alias=default
2024-01-27 09:22:34,186 - DEBUG - utils - utils.py - (0.000) SELECT "django_session"."session_key", "django_session"."session_data", "django_session"."expire_date" FROM "django_session" WHERE "django_session"."session_key" = '3v3mwjuwmu2sl42d1jwthxo7p0o3aqdg' LIMIT 21; args=('3v3mwjuwmu2sl42d1jwthxo7p0o3aqdg',); alias=default
2024-01-27 09:22:34,189 - DEBUG - utils - utils.py - (0.000) DELETE FROM "django_session" WHERE "django_session"."session_key" IN ('3v3mwjuwmu2sl42d1jwthxo7p0o3aqdg'); args=('3v3mwjuwmu2sl42d1jwthxo7p0o3aqdg',); alias=default
2024-01-27 09:22:37,832 - DEBUG - utils - utils.py - (0.000) SELECT "blocks_idea"."id", "blocks_idea"."time_create", "blocks_idea"."status", "blocks_idea"."content" FROM "blocks_idea"; args=(); alias=default
2024-01-27 09:22:41,457 - DEBUG - utils - utils.py - (0.000) SELECT "blocks_idea"."id", "blocks_idea"."time_create", "blocks_idea"."status", "blocks_idea"."content" FROM "blocks_idea" WHERE "blocks_idea"."id" = 2 LIMIT 21; args=(2,); alias=default
2024-01-27 09:22:49,437 - DEBUG - utils - utils.py - (0.000) SELECT "auth_user"."id", "auth_user"."password", "auth_user"."last_login", "auth_user"."is_superuser", "auth_user"."username", "auth_user"."first_name", "auth_user"."last_name", "auth_user"."email", "auth_user"."is_staff", "auth_user"."is_active", "auth_user"."date_joined" FROM "auth_user" WHERE "auth_user"."username" = 'admin' LIMIT 21; args=('admin',); alias=default
2024-01-27 09:22:49,677 - DEBUG - utils - utils.py - (0.000) SELECT 1 AS "a" FROM "django_session" WHERE "django_session"."session_key" = '8glefy0i3h8bl2x4ryw44z18n9ah3lab' LIMIT 1; args=(1, '8glefy0i3h8bl2x4ryw44z18n9ah3lab'); alias=default
2024-01-27 09:22:49,678 - DEBUG - utils - utils.py - (0.000) BEGIN; args=None; alias=default
2024-01-27 09:22:49,678 - DEBUG - utils - utils.py - (0.000) INSERT INTO "django_session" ("session_key", "session_data", "expire_date") VALUES ('8glefy0i3h8bl2x4ryw44z18n9ah3lab', 'e30:1rTZHN:X9AsW-fmq-AErCwZV8ccicZ7R8oqVWoP7vmFotRttL8', '2024-02-10T03:22:49.678275+00:00'::timestamptz); args=('8glefy0i3h8bl2x4ryw44z18n9ah3lab', 'e30:1rTZHN:X9AsW-fmq-AErCwZV8ccicZ7R8oqVWoP7vmFotRttL8', datetime.datetime(2024, 2, 10, 3, 22, 49, 678275, tzinfo=datetime.timezone.utc)); alias=default
2024-01-27 09:22:49,680 - DEBUG - utils - utils.py - (0.000) COMMIT; args=None; alias=default
2024-01-27 09:22:49,681 - DEBUG - utils - utils.py - (0.000) UPDATE "auth_user" SET "last_login" = '2024-01-27T03:22:49.680776+00:00'::timestamptz WHERE "auth_user"."id" = 1; args=(datetime.datetime(2024, 1, 27, 3, 22, 49, 680776, tzinfo=datetime.timezone.utc), 1); alias=default
2024-01-27 09:22:49,703 - DEBUG - utils - utils.py - (0.000) BEGIN; args=None; alias=default
2024-01-27 09:22:49,704 - DEBUG - utils - utils.py - (0.000) UPDATE "django_session" SET "session_data" = '.eJxVjMEOwiAQRP-FsyGwKKBH734D2WVZqRqalPZk_HfbpAc9zGXem3mrhMtc09LLlAZWF2XV4bcjzM_SNsAPbPdR57HN00B6U_ROu76NXF7X3f07qNjruhbwXgJZHyTLGoQoYo6lZBccSATP5-IEwRi2Aa2j4INDEj5FIcjq8wUDbzjJ:1rTZHN:tRyyGAK5dKs1esX95msu7NNBsr7ibO8Ya5R00wCJZrQ', "expire_date" = '2024-02-10T03:22:49.703813+00:00'::timestamptz WHERE "django_session"."session_key" = '8glefy0i3h8bl2x4ryw44z18n9ah3lab'; args=('.eJxVjMEOwiAQRP-FsyGwKKBH734D2WVZqRqalPZk_HfbpAc9zGXem3mrhMtc09LLlAZWF2XV4bcjzM_SNsAPbPdR57HN00B6U_ROu76NXF7X3f07qNjruhbwXgJZHyTLGoQoYo6lZBccSATP5-IEwRi2Aa2j4INDEj5FIcjq8wUDbzjJ:1rTZHN:tRyyGAK5dKs1esX95msu7NNBsr7ibO8Ya5R00wCJZrQ', datetime.datetime(2024, 2, 10, 3, 22, 49, 703813, tzinfo=datetime.timezone.utc), '8glefy0i3h8bl2x4ryw44z18n9ah3lab'); alias=default
2024-01-27 09:22:49,704 - DEBUG - utils - utils.py - (0.000) COMMIT; args=None; alias=default
2024-01-27 09:22:49,744 - DEBUG - utils - utils.py - (0.000) SELECT "django_session"."session_key", "django_session"."session_data", "django_session"."expire_date" FROM "django_session" WHERE ("django_session"."expire_date" > '2024-01-27T03:22:49.708309+00:00'::timestamptz AND "django_session"."session_key" = '8glefy0i3h8bl2x4ryw44z18n9ah3lab') LIMIT 21; args=(datetime.datetime(2024, 1, 27, 3, 22, 49, 708309, tzinfo=datetime.timezone.utc), '8glefy0i3h8bl2x4ryw44z18n9ah3lab'); alias=default
2024-01-27 09:22:49,746 - DEBUG - utils - utils.py - (0.000) SELECT "auth_user"."id", "auth_user"."password", "auth_user"."last_login", "auth_user"."is_superuser", "auth_user"."username", "auth_user"."first_name", "auth_user"."last_name", "auth_user"."email", "auth_user"."is_staff", "auth_user"."is_active", "auth_user"."date_joined" FROM "auth_user" WHERE "auth_user"."id" = 1 LIMIT 21; args=(1,); alias=default
2024-01-27 09:22:49,748 - DEBUG - utils - utils.py - (0.000) SELECT "blocks_idea"."id", "blocks_idea"."time_create", "blocks_idea"."status", "blocks_idea"."content" FROM "blocks_idea" WHERE "blocks_idea"."id" = 2 LIMIT 21; args=(2,); alias=default
2024-01-27 09:23:07,603 - DEBUG - utils - utils.py - (0.000) SELECT "django_session"."session_key", "django_session"."session_data", "django_session"."expire_date" FROM "django_session" WHERE ("django_session"."expire_date" > '2024-01-27T03:23:07.569352+00:00'::timestamptz AND "django_session"."session_key" = '8glefy0i3h8bl2x4ryw44z18n9ah3lab') LIMIT 21; args=(datetime.datetime(2024, 1, 27, 3, 23, 7, 569352, tzinfo=datetime.timezone.utc), '8glefy0i3h8bl2x4ryw44z18n9ah3lab'); alias=default
2024-01-27 09:23:07,606 - DEBUG - utils - utils.py - (0.000) SELECT "auth_user"."id", "auth_user"."password", "auth_user"."last_login", "auth_user"."is_superuser", "auth_user"."username", "auth_user"."first_name", "auth_user"."last_name", "auth_user"."email", "auth_user"."is_staff", "auth_user"."is_active", "auth_user"."date_joined" FROM "auth_user" WHERE "auth_user"."id" = 1 LIMIT 21; args=(1,); alias=default
2024-01-27 09:23:07,610 - DEBUG - utils - utils.py - (0.000) SELECT COUNT(*) AS "__count" FROM "blocks_idea"; args=(); alias=default
2024-01-27 09:23:07,611 - DEBUG - utils - utils.py - (0.015) SELECT "blocks_idea"."id", "blocks_idea"."time_create", "blocks_idea"."status", "blocks_idea"."content" FROM "blocks_idea" ORDER BY "blocks_idea"."id" ASC; args=(); alias=default
2024-01-27 09:23:45,981 - DEBUG - utils - utils.py - (0.000) SELECT "django_session"."session_key", "django_session"."session_data", "django_session"."expire_date" FROM "django_session" WHERE ("django_session"."expire_date" > '2024-01-27T03:23:45.948039+00:00'::timestamptz AND "django_session"."session_key" = '8glefy0i3h8bl2x4ryw44z18n9ah3lab') LIMIT 21; args=(datetime.datetime(2024, 1, 27, 3, 23, 45, 948039, tzinfo=datetime.timezone.utc), '8glefy0i3h8bl2x4ryw44z18n9ah3lab'); alias=default
2024-01-27 09:23:45,984 - DEBUG - utils - utils.py - (0.000) SELECT "auth_user"."id", "auth_user"."password", "auth_user"."last_login", "auth_user"."is_superuser", "auth_user"."username", "auth_user"."first_name", "auth_user"."last_name", "auth_user"."email", "auth_user"."is_staff", "auth_user"."is_active", "auth_user"."date_joined" FROM "auth_user" WHERE "auth_user"."id" = 1 LIMIT 21; args=(1,); alias=default
2024-01-27 09:23:45,984 - DEBUG - utils - utils.py - (0.000) SELECT "django_session"."session_key", "django_session"."session_data", "django_session"."expire_date" FROM "django_session" WHERE "django_session"."session_key" = '8glefy0i3h8bl2x4ryw44z18n9ah3lab' LIMIT 21; args=('8glefy0i3h8bl2x4ryw44z18n9ah3lab',); alias=default
2024-01-27 09:23:45,986 - DEBUG - utils - utils.py - (0.000) DELETE FROM "django_session" WHERE "django_session"."session_key" IN ('8glefy0i3h8bl2x4ryw44z18n9ah3lab'); args=('8glefy0i3h8bl2x4ryw44z18n9ah3lab',); alias=default
2024-01-27 09:23:46,033 - DEBUG - utils - utils.py - (0.000) SELECT "blocks_idea"."id", "blocks_idea"."time_create", "blocks_idea"."status", "blocks_idea"."content" FROM "blocks_idea" WHERE "blocks_idea"."id" = 2 LIMIT 21; args=(2,); alias=default
2024-01-27 09:31:10,753 - DEBUG - utils - utils.py - (0.000) SELECT "blocks_idea"."id", "blocks_idea"."time_create", "blocks_idea"."status", "blocks_idea"."content" FROM "blocks_idea" WHERE "blocks_idea"."id" = 2 LIMIT 21; args=(2,); alias=default
2024-01-27 09:31:11,337 - DEBUG - utils - utils.py - (0.000) SELECT "blocks_idea"."id", "blocks_idea"."time_create", "blocks_idea"."status", "blocks_idea"."content" FROM "blocks_idea"; args=(); alias=default
2024-01-27 09:31:28,600 - DEBUG - utils - utils.py - (0.000) SELECT "blocks_idea"."id", "blocks_idea"."time_create", "blocks_idea"."status", "blocks_idea"."content" FROM "blocks_idea"; args=(); alias=default
2024-01-27 09:32:20,609 - DEBUG - utils - utils.py - (0.000) SELECT COUNT(*) AS "__count" FROM "blocks_idea"; args=(); alias=default
2024-01-27 09:32:20,611 - DEBUG - utils - utils.py - (0.000) SELECT "blocks_idea"."id", "blocks_idea"."time_create", "blocks_idea"."status", "blocks_idea"."content" FROM "blocks_idea" ORDER BY "blocks_idea"."id" ASC; args=(); alias=default
2024-01-27 09:32:40,813 - DEBUG - utils - utils.py - (0.000) SELECT "auth_user"."id", "auth_user"."password", "auth_user"."last_login", "auth_user"."is_superuser", "auth_user"."username", "auth_user"."first_name", "auth_user"."last_name", "auth_user"."email", "auth_user"."is_staff", "auth_user"."is_active", "auth_user"."date_joined" FROM "auth_user" WHERE "auth_user"."username" = 'admin' LIMIT 21; args=('admin',); alias=default
2024-01-27 09:32:41,054 - DEBUG - utils - utils.py - (0.000) SELECT 1 AS "a" FROM "django_session" WHERE "django_session"."session_key" = 'z8hyxsoco1ptwgwery8m22883f6zr363' LIMIT 1; args=(1, 'z8hyxsoco1ptwgwery8m22883f6zr363'); alias=default
2024-01-27 09:32:41,054 - DEBUG - utils - utils.py - (0.000) BEGIN; args=None; alias=default
2024-01-27 09:32:41,055 - DEBUG - utils - utils.py - (0.000) INSERT INTO "django_session" ("session_key", "session_data", "expire_date") VALUES ('z8hyxsoco1ptwgwery8m22883f6zr363', 'e30:1rTZQv:gqLi5ilUprHMGybcLnVyD4fQOUo_8f1mZgVuoTnmWT8', '2024-02-10T03:32:41.054299+00:00'::timestamptz); args=('z8hyxsoco1ptwgwery8m22883f6zr363', 'e30:1rTZQv:gqLi5ilUprHMGybcLnVyD4fQOUo_8f1mZgVuoTnmWT8', datetime.datetime(2024, 2, 10, 3, 32, 41, 54299, tzinfo=datetime.timezone.utc)); alias=default
2024-01-27 09:32:41,057 - DEBUG - utils - utils.py - (0.000) COMMIT; args=None; alias=default
2024-01-27 09:32:41,058 - DEBUG - utils - utils.py - (0.000) UPDATE "auth_user" SET "last_login" = '2024-01-27T03:32:41.057687+00:00'::timestamptz WHERE "auth_user"."id" = 1; args=(datetime.datetime(2024, 1, 27, 3, 32, 41, 57687, tzinfo=datetime.timezone.utc), 1); alias=default
2024-01-27 09:32:41,072 - DEBUG - utils - utils.py - (0.000) BEGIN; args=None; alias=default
2024-01-27 09:32:41,073 - DEBUG - utils - utils.py - (0.000) UPDATE "django_session" SET "session_data" = '.eJxVjMEOwiAQRP-FsyGwKKBH734D2WVZqRqalPZk_HfbpAc9zGXem3mrhMtc09LLlAZWF2XV4bcjzM_SNsAPbPdR57HN00B6U_ROu76NXF7X3f07qNjruhbwXgJZHyTLGoQoYo6lZBccSATP5-IEwRi2Aa2j4INDEj5FIcjq8wUDbzjJ:1rTZQv:UrqBdPvnabvENAwHmUnzlsjh0yL-zdwl1Lzr9SPsFmI', "expire_date" = '2024-02-10T03:32:41.072763+00:00'::timestamptz WHERE "django_session"."session_key" = 'z8hyxsoco1ptwgwery8m22883f6zr363'; args=('.eJxVjMEOwiAQRP-FsyGwKKBH734D2WVZqRqalPZk_HfbpAc9zGXem3mrhMtc09LLlAZWF2XV4bcjzM_SNsAPbPdR57HN00B6U_ROu76NXF7X3f07qNjruhbwXgJZHyTLGoQoYo6lZBccSATP5-IEwRi2Aa2j4INDEj5FIcjq8wUDbzjJ:1rTZQv:UrqBdPvnabvENAwHmUnzlsjh0yL-zdwl1Lzr9SPsFmI', datetime.datetime(2024, 2, 10, 3, 32, 41, 72763, tzinfo=datetime.timezone.utc), 'z8hyxsoco1ptwgwery8m22883f6zr363'); alias=default
2024-01-27 09:32:41,074 - DEBUG - utils - utils.py - (0.000) COMMIT; args=None; alias=default
2024-01-27 09:32:41,109 - DEBUG - utils - utils.py - (0.000) SELECT "django_session"."session_key", "django_session"."session_data", "django_session"."expire_date" FROM "django_session" WHERE ("django_session"."expire_date" > '2024-01-27T03:32:41.077721+00:00'::timestamptz AND "django_session"."session_key" = 'z8hyxsoco1ptwgwery8m22883f6zr363') LIMIT 21; args=(datetime.datetime(2024, 1, 27, 3, 32, 41, 77721, tzinfo=datetime.timezone.utc), 'z8hyxsoco1ptwgwery8m22883f6zr363'); alias=default
2024-01-27 09:32:41,111 - DEBUG - utils - utils.py - (0.015) SELECT "auth_user"."id", "auth_user"."password", "auth_user"."last_login", "auth_user"."is_superuser", "auth_user"."username", "auth_user"."first_name", "auth_user"."last_name", "auth_user"."email", "auth_user"."is_staff", "auth_user"."is_active", "auth_user"."date_joined" FROM "auth_user" WHERE "auth_user"."id" = 1 LIMIT 21; args=(1,); alias=default
2024-01-27 09:32:41,121 - DEBUG - utils - utils.py - (0.000) SELECT "django_admin_log"."id", "django_admin_log"."action_time", "django_admin_log"."user_id", "django_admin_log"."content_type_id", "django_admin_log"."object_id", "django_admin_log"."object_repr", "django_admin_log"."action_flag", "django_admin_log"."change_message", "auth_user"."id", "auth_user"."password", "auth_user"."last_login", "auth_user"."is_superuser", "auth_user"."username", "auth_user"."first_name", "auth_user"."last_name", "auth_user"."email", "auth_user"."is_staff", "auth_user"."is_active", "auth_user"."date_joined", "django_content_type"."id", "django_content_type"."app_label", "django_content_type"."model" FROM "django_admin_log" INNER JOIN "auth_user" ON ("django_admin_log"."user_id" = "auth_user"."id") LEFT OUTER JOIN "django_content_type" ON ("django_admin_log"."content_type_id" = "django_content_type"."id") WHERE "django_admin_log"."user_id" = 1 ORDER BY "django_admin_log"."action_time" DESC LIMIT 10; args=(1,); alias=default
2024-01-27 09:32:43,610 - DEBUG - utils - utils.py - (0.000) SELECT "django_session"."session_key", "django_session"."session_data", "django_session"."expire_date" FROM "django_session" WHERE ("django_session"."expire_date" > '2024-01-27T03:32:43.576810+00:00'::timestamptz AND "django_session"."session_key" = 'z8hyxsoco1ptwgwery8m22883f6zr363') LIMIT 21; args=(datetime.datetime(2024, 1, 27, 3, 32, 43, 576810, tzinfo=datetime.timezone.utc), 'z8hyxsoco1ptwgwery8m22883f6zr363'); alias=default
2024-01-27 09:32:43,621 - DEBUG - utils - utils.py - (0.000) SELECT "auth_user"."id", "auth_user"."password", "auth_user"."last_login", "auth_user"."is_superuser", "auth_user"."username", "auth_user"."first_name", "auth_user"."last_name", "auth_user"."email", "auth_user"."is_staff", "auth_user"."is_active", "auth_user"."date_joined" FROM "auth_user" WHERE "auth_user"."id" = 1 LIMIT 21; args=(1,); alias=default
2024-01-27 09:32:43,623 - DEBUG - utils - utils.py - (0.000) SELECT COUNT(*) AS "__count" FROM "blocks_idea"; args=(); alias=default
2024-01-27 09:32:43,636 - DEBUG - utils - utils.py - (0.000) SELECT COUNT(*) AS "__count" FROM "blocks_idea"; args=(); alias=default
2024-01-27 09:32:43,637 - DEBUG - utils - utils.py - (0.000) SELECT "blocks_idea"."id", "blocks_idea"."time_create", "blocks_idea"."status", "blocks_idea"."content" FROM "blocks_idea" ORDER BY "blocks_idea"."id" DESC; args=(); alias=default
2024-01-27 09:32:43,832 - DEBUG - utils - utils.py - (0.015) SELECT "django_session"."session_key", "django_session"."session_data", "django_session"."expire_date" FROM "django_session" WHERE ("django_session"."expire_date" > '2024-01-27T03:32:43.694078+00:00'::timestamptz AND "django_session"."session_key" = 'z8hyxsoco1ptwgwery8m22883f6zr363') LIMIT 21; args=(datetime.datetime(2024, 1, 27, 3, 32, 43, 694078, tzinfo=datetime.timezone.utc), 'z8hyxsoco1ptwgwery8m22883f6zr363'); alias=default
2024-01-27 09:32:43,834 - DEBUG - utils - utils.py - (0.000) SELECT "auth_user"."id", "auth_user"."password", "auth_user"."last_login", "auth_user"."is_superuser", "auth_user"."username", "auth_user"."first_name", "auth_user"."last_name", "auth_user"."email", "auth_user"."is_staff", "auth_user"."is_active", "auth_user"."date_joined" FROM "auth_user" WHERE "auth_user"."id" = 1 LIMIT 21; args=(1,); alias=default
2024-01-27 09:32:50,846 - DEBUG - utils - utils.py - (0.016) SELECT "django_session"."session_key", "django_session"."session_data", "django_session"."expire_date" FROM "django_session" WHERE ("django_session"."expire_date" > '2024-01-27T03:32:50.696090+00:00'::timestamptz AND "django_session"."session_key" = 'z8hyxsoco1ptwgwery8m22883f6zr363') LIMIT 21; args=(datetime.datetime(2024, 1, 27, 3, 32, 50, 696090, tzinfo=datetime.timezone.utc), 'z8hyxsoco1ptwgwery8m22883f6zr363'); alias=default
2024-01-27 09:32:50,849 - DEBUG - utils - utils.py - (0.000) SELECT "auth_user"."id", "auth_user"."password", "auth_user"."last_login", "auth_user"."is_superuser", "auth_user"."username", "auth_user"."first_name", "auth_user"."last_name", "auth_user"."email", "auth_user"."is_staff", "auth_user"."is_active", "auth_user"."date_joined" FROM "auth_user" WHERE "auth_user"."id" = 1 LIMIT 21; args=(1,); alias=default
2024-01-27 09:32:50,862 - DEBUG - utils - utils.py - (0.015) SELECT "django_admin_log"."id", "django_admin_log"."action_time", "django_admin_log"."user_id", "django_admin_log"."content_type_id", "django_admin_log"."object_id", "django_admin_log"."object_repr", "django_admin_log"."action_flag", "django_admin_log"."change_message", "auth_user"."id", "auth_user"."password", "auth_user"."last_login", "auth_user"."is_superuser", "auth_user"."username", "auth_user"."first_name", "auth_user"."last_name", "auth_user"."email", "auth_user"."is_staff", "auth_user"."is_active", "auth_user"."date_joined", "django_content_type"."id", "django_content_type"."app_label", "django_content_type"."model" FROM "django_admin_log" INNER JOIN "auth_user" ON ("django_admin_log"."user_id" = "auth_user"."id") LEFT OUTER JOIN "django_content_type" ON ("django_admin_log"."content_type_id" = "django_content_type"."id") WHERE "django_admin_log"."user_id" = 1 ORDER BY "django_admin_log"."action_time" DESC LIMIT 10; args=(1,); alias=default
2024-01-27 09:32:51,964 - DEBUG - utils - utils.py - (0.000) SELECT "django_session"."session_key", "django_session"."session_data", "django_session"."expire_date" FROM "django_session" WHERE ("django_session"."expire_date" > '2024-01-27T03:32:51.930385+00:00'::timestamptz AND "django_session"."session_key" = 'z8hyxsoco1ptwgwery8m22883f6zr363') LIMIT 21; args=(datetime.datetime(2024, 1, 27, 3, 32, 51, 930385, tzinfo=datetime.timezone.utc), 'z8hyxsoco1ptwgwery8m22883f6zr363'); alias=default
2024-01-27 09:32:51,966 - DEBUG - utils - utils.py - (0.000) SELECT "auth_user"."id", "auth_user"."password", "auth_user"."last_login", "auth_user"."is_superuser", "auth_user"."username", "auth_user"."first_name", "auth_user"."last_name", "auth_user"."email", "auth_user"."is_staff", "auth_user"."is_active", "auth_user"."date_joined" FROM "auth_user" WHERE "auth_user"."id" = 1 LIMIT 21; args=(1,); alias=default
2024-01-27 09:32:51,968 - DEBUG - utils - utils.py - (0.000) SELECT "django_session"."session_key", "django_session"."session_data", "django_session"."expire_date" FROM "django_session" WHERE "django_session"."session_key" = 'z8hyxsoco1ptwgwery8m22883f6zr363' LIMIT 21; args=('z8hyxsoco1ptwgwery8m22883f6zr363',); alias=default
2024-01-27 09:32:51,969 - DEBUG - utils - utils.py - (0.000) DELETE FROM "django_session" WHERE "django_session"."session_key" IN ('z8hyxsoco1ptwgwery8m22883f6zr363'); args=('z8hyxsoco1ptwgwery8m22883f6zr363',); alias=default
2024-01-27 09:32:56,866 - DEBUG - utils - utils.py - (0.000) SELECT COUNT(*) AS "__count" FROM "blocks_idea"; args=(); alias=default
2024-01-27 09:32:56,867 - DEBUG - utils - utils.py - (0.000) SELECT "blocks_idea"."id", "blocks_idea"."time_create", "blocks_idea"."status", "blocks_idea"."content" FROM "blocks_idea" ORDER BY "blocks_idea"."id" ASC; args=(); alias=default
2024-01-27 09:42:52,327 - DEBUG - utils - utils.py - (0.000) 
            SELECT
                c.relname,
                CASE
                    WHEN c.relispartition THEN 'p'
                    WHEN c.relkind IN ('m', 'v') THEN 'v'
                    ELSE 't'
                END,
                obj_description(c.oid, 'pg_class')
            FROM pg_catalog.pg_class c
            LEFT JOIN pg_catalog.pg_namespace n ON n.oid = c.relnamespace
            WHERE c.relkind IN ('f', 'm', 'p', 'r', 'v')
                AND n.nspname NOT IN ('pg_catalog', 'pg_toast')
                AND pg_catalog.pg_table_is_visible(c.oid)
        ; args=None; alias=default
2024-01-27 09:42:52,329 - DEBUG - utils - utils.py - (0.000) SELECT "django_migrations"."id", "django_migrations"."app", "django_migrations"."name", "django_migrations"."applied" FROM "django_migrations"; args=(); alias=default
2024-01-27 09:42:54,658 - DEBUG - utils - utils.py - (0.015) DECLARE "_django_curs_3232_sync_1" NO SCROLL CURSOR WITH HOLD FOR SELECT "blocks_category"."id", "blocks_category"."name" FROM "blocks_category"; args=(); alias=default
2024-01-27 09:42:54,776 - DEBUG - utils - utils.py - (0.000) SELECT COUNT(*) AS "__count" FROM "blocks_list" WHERE "blocks_list"."status"; args=(); alias=default
2024-01-27 09:42:54,777 - DEBUG - utils - utils.py - (0.000) SELECT "blocks_list"."id", "blocks_list"."time_create", "blocks_list"."title", "blocks_list"."content", "blocks_list"."status", "blocks_list"."group_id" FROM "blocks_list" WHERE "blocks_list"."status" ORDER BY "blocks_list"."group_id" ASC; args=(); alias=default
2024-01-27 09:42:55,262 - DEBUG - utils - utils.py - (0.000) SELECT COUNT(*) AS "__count" FROM "blocks_notes"; args=(); alias=default
2024-01-27 09:42:55,263 - DEBUG - utils - utils.py - (0.000) SELECT "blocks_notes"."id", "blocks_notes"."time_create", "blocks_notes"."title", "blocks_notes"."content", "blocks_notes"."status" FROM "blocks_notes" ORDER BY "blocks_notes"."id" DESC; args=(); alias=default
2024-01-27 09:42:55,669 - DEBUG - utils - utils.py - (0.000) SELECT COUNT(*) AS "__count" FROM "blocks_summary"; args=(); alias=default
2024-01-27 09:42:56,064 - DEBUG - utils - utils.py - (0.000) SELECT "blocks_periodic"."id", "blocks_periodic"."time_create", "blocks_periodic"."content", "blocks_periodic"."status", "blocks_periodic"."repetition_period", "blocks_periodic"."next_execution_time" FROM "blocks_periodic"; args=(); alias=default
2024-01-27 09:42:56,468 - DEBUG - utils - utils.py - (0.000) SELECT COUNT(*) AS "__count" FROM "blocks_idea"; args=(); alias=default
2024-01-27 09:42:56,469 - DEBUG - utils - utils.py - (0.000) SELECT "blocks_idea"."id", "blocks_idea"."time_create", "blocks_idea"."status", "blocks_idea"."content" FROM "blocks_idea" ORDER BY "blocks_idea"."id" ASC; args=(); alias=default
2024-01-27 09:43:04,096 - DEBUG - utils - utils.py - (0.016) INSERT INTO "blocks_idea" ("time_create", "status", "content") VALUES ('2024-01-27T03:43:04.091799+00:00'::timestamptz, true, '132') RETURNING "blocks_idea"."id"; args=(datetime.datetime(2024, 1, 27, 3, 43, 4, 91799, tzinfo=datetime.timezone.utc), True, '132'); alias=default
2024-01-27 09:43:04,153 - DEBUG - utils - utils.py - (0.000) SELECT COUNT(*) AS "__count" FROM "blocks_idea"; args=(); alias=default
2024-01-27 09:43:04,154 - DEBUG - utils - utils.py - (0.000) SELECT "blocks_idea"."id", "blocks_idea"."time_create", "blocks_idea"."status", "blocks_idea"."content" FROM "blocks_idea" ORDER BY "blocks_idea"."id" ASC; args=(); alias=default
2024-01-27 18:33:24,911 - DEBUG - utils - utils.py - (0.015) 
            SELECT
                c.relname,
                CASE
                    WHEN c.relispartition THEN 'p'
                    WHEN c.relkind IN ('m', 'v') THEN 'v'
                    ELSE 't'
                END,
                obj_description(c.oid, 'pg_class')
            FROM pg_catalog.pg_class c
            LEFT JOIN pg_catalog.pg_namespace n ON n.oid = c.relnamespace
            WHERE c.relkind IN ('f', 'm', 'p', 'r', 'v')
                AND n.nspname NOT IN ('pg_catalog', 'pg_toast')
                AND pg_catalog.pg_table_is_visible(c.oid)
        ; args=None; alias=default
2024-01-27 18:33:24,916 - DEBUG - utils - utils.py - (0.000) SELECT "django_migrations"."id", "django_migrations"."app", "django_migrations"."name", "django_migrations"."applied" FROM "django_migrations"; args=(); alias=default
2024-01-27 18:33:28,172 - DEBUG - utils - utils.py - (0.000) SELECT COUNT(*) AS "__count" FROM "blocks_idea"; args=(); alias=default
2024-01-27 18:33:28,355 - DEBUG - utils - utils.py - (0.000) SELECT "blocks_idea"."id", "blocks_idea"."time_create", "blocks_idea"."status", "blocks_idea"."content" FROM "blocks_idea" ORDER BY "blocks_idea"."id" ASC; args=(); alias=default
2024-01-27 18:33:29,529 - DEBUG - utils - utils.py - (0.000) DECLARE "_django_curs_16440_sync_1" NO SCROLL CURSOR WITH HOLD FOR SELECT "blocks_category"."id", "blocks_category"."name" FROM "blocks_category"; args=(); alias=default
2024-01-27 18:33:29,581 - DEBUG - utils - utils.py - (0.015) SELECT COUNT(*) AS "__count" FROM "blocks_list" WHERE "blocks_list"."status"; args=(); alias=default
2024-01-27 18:33:29,582 - DEBUG - utils - utils.py - (0.000) SELECT "blocks_list"."id", "blocks_list"."time_create", "blocks_list"."title", "blocks_list"."content", "blocks_list"."status", "blocks_list"."group_id" FROM "blocks_list" WHERE "blocks_list"."status" ORDER BY "blocks_list"."group_id" ASC; args=(); alias=default
2024-01-27 18:33:29,892 - DEBUG - utils - utils.py - (0.000) SELECT COUNT(*) AS "__count" FROM "blocks_notes"; args=(); alias=default
2024-01-27 18:33:29,894 - DEBUG - utils - utils.py - (0.000) SELECT "blocks_notes"."id", "blocks_notes"."time_create", "blocks_notes"."title", "blocks_notes"."content", "blocks_notes"."status" FROM "blocks_notes" ORDER BY "blocks_notes"."id" DESC; args=(); alias=default
2024-01-27 18:33:30,286 - DEBUG - utils - utils.py - (0.000) SELECT COUNT(*) AS "__count" FROM "blocks_summary"; args=(); alias=default
2024-01-27 18:33:30,587 - DEBUG - utils - utils.py - (0.000) SELECT "blocks_periodic"."id", "blocks_periodic"."time_create", "blocks_periodic"."content", "blocks_periodic"."status", "blocks_periodic"."repetition_period", "blocks_periodic"."next_execution_time" FROM "blocks_periodic"; args=(); alias=default
2024-01-27 18:33:30,886 - DEBUG - utils - utils.py - (0.000) SELECT COUNT(*) AS "__count" FROM "blocks_idea"; args=(); alias=default
2024-01-27 18:33:30,889 - DEBUG - utils - utils.py - (0.000) SELECT "blocks_idea"."id", "blocks_idea"."time_create", "blocks_idea"."status", "blocks_idea"."content" FROM "blocks_idea" ORDER BY "blocks_idea"."id" ASC; args=(); alias=default
2024-01-27 18:33:32,215 - DEBUG - utils - utils.py - (0.000) SELECT "blocks_periodic"."id", "blocks_periodic"."time_create", "blocks_periodic"."content", "blocks_periodic"."status", "blocks_periodic"."repetition_period", "blocks_periodic"."next_execution_time" FROM "blocks_periodic"; args=(); alias=default
